<?xml version="1.0" encoding="UTF-8"?>
<!-- Generated by org.testng.reporters.JUnitReportReporter -->
<testsuite hostname="TippuSwamy" failures="0" tests="1" name="testpackage.day2" time="0.001" errors="0" timestamp="2022-09-09T13:21:20 IST" skipped="0">
  <testcase classname="testpackage.day2" name="example1" time="0.001"/>
  <system-out/>
</testsuite> <!-- testpackage.day2 -->
