<?xml version="1.0" encoding="UTF-8"?>
<!-- Generated by org.testng.reporters.JUnitReportReporter -->
<testsuite hostname="TippuSwamy" failures="0" tests="2" name="testpackage.day1" time="0.013" errors="0" timestamp="2022-09-09T13:21:20 IST" skipped="0">
  <testcase classname="testpackage.day1" name="demo1" time="0.010"/>
  <system-out/>
  <testcase classname="testpackage.day1" name="demo2" time="0.003"/>
  <system-out/>
</testsuite> <!-- testpackage.day1 -->
