<?xml version="1.0" encoding="UTF-8"?>
<!-- Generated by org.testng.reporters.JUnitReportReporter -->
<testsuite hostname="TippuSwamy" failures="0" tests="5" name="testpackage.day4" time="0.033" errors="0" timestamp="2022-09-09T13:59:05 IST" skipped="0">
  <testcase classname="testpackage.day4" name="Apiloginhomeloan" time="0.003"/>
  <system-out/>
  <testcase classname="testpackage.day4" name="Apiloginhomeloan" time="0.006"/>
  <system-out/>
  <testcase classname="testpackage.day4" name="Webloginhomeloan" time="0.005"/>
  <system-out/>
  <testcase classname="testpackage.day4" name="mobileloginhomeloan" time="0.002"/>
  <system-out/>
  <testcase classname="testpackage.day4" name="Apiloginhomeloan" time="0.017"/>
  <system-out/>
</testsuite> <!-- testpackage.day4 -->
