<?xml version="1.0" encoding="UTF-8"?>
<!-- Generated by org.testng.reporters.JUnitReportReporter -->
<testsuite hostname="TippuSwamy" failures="0" tests="2" name="testpackage.day3" time="0.005" errors="0" timestamp="2022-09-09T13:21:20 IST" skipped="0">
  <testcase classname="testpackage.day3" name="Apilogincarloan" time="0.003"/>
  <system-out/>
  <testcase classname="testpackage.day3" name="Weblogincarloan" time="0.002"/>
  <system-out/>
</testsuite> <!-- testpackage.day3 -->
